[debug] [2023-07-25T07:15:48.363Z] ----------------------------------------------------------------------
[debug] [2023-07-25T07:15:48.366Z] Command:       C:\Program Files\nodejs\node.exe C:\Users\Lenovo\AppData\Roaming\npm\node_modules\firebase-tools\lib\bin\firebase.js deploy
[debug] [2023-07-25T07:15:48.367Z] CLI Version:   11.29.1
[debug] [2023-07-25T07:15:48.367Z] Platform:      win32
[debug] [2023-07-25T07:15:48.367Z] Node Version:  v18.16.0
[debug] [2023-07-25T07:15:48.374Z] Time:          Tue Jul 25 2023 14:15:48 GMT+0700 (Indochina Time)
[debug] [2023-07-25T07:15:48.374Z] ----------------------------------------------------------------------
[debug] 
[debug] [2023-07-25T07:15:48.379Z] >>> [apiv2][query] GET https://firebase-public.firebaseio.com/cli.json [none]
[debug] [2023-07-25T07:15:48.507Z] > command requires scopes: ["email","openid","https://www.googleapis.com/auth/cloudplatformprojects.readonly","https://www.googleapis.com/auth/firebase","https://www.googleapis.com/auth/cloud-platform"]
[debug] [2023-07-25T07:15:48.508Z] > authorizing via signed-in user (muhammadirdam99@gmail.com)
[debug] [2023-07-25T07:15:48.508Z] [iam] checking project maple-web-cf927 for permissions ["firebase.projects.get","firebasehosting.sites.update"]
[debug] [2023-07-25T07:15:48.509Z] > refreshing access token with scopes: []
[debug] [2023-07-25T07:15:48.510Z] >>> [apiv2][query] POST https://www.googleapis.com/oauth2/v3/token [none]
[debug] [2023-07-25T07:15:48.510Z] >>> [apiv2][body] POST https://www.googleapis.com/oauth2/v3/token [omitted]
[debug] [2023-07-25T07:15:48.701Z] <<< [apiv2][status] POST https://www.googleapis.com/oauth2/v3/token 200
[debug] [2023-07-25T07:15:48.702Z] <<< [apiv2][body] POST https://www.googleapis.com/oauth2/v3/token [omitted]
[debug] [2023-07-25T07:15:48.710Z] >>> [apiv2][query] POST https://cloudresourcemanager.googleapis.com/v1/projects/maple-web-cf927:testIamPermissions [none]
[debug] [2023-07-25T07:15:48.711Z] >>> [apiv2][(partial)header] POST https://cloudresourcemanager.googleapis.com/v1/projects/maple-web-cf927:testIamPermissions x-goog-quota-user=projects/maple-web-cf927
[debug] [2023-07-25T07:15:48.711Z] >>> [apiv2][body] POST https://cloudresourcemanager.googleapis.com/v1/projects/maple-web-cf927:testIamPermissions {"permissions":["firebase.projects.get","firebasehosting.sites.update"]}
[debug] [2023-07-25T07:15:49.113Z] <<< [apiv2][status] GET https://firebase-public.firebaseio.com/cli.json 200
[debug] [2023-07-25T07:15:49.113Z] <<< [apiv2][body] GET https://firebase-public.firebaseio.com/cli.json {"cloudBuildErrorAfter":1594252800000,"cloudBuildWarnAfter":1590019200000,"defaultNode10After":1594252800000,"minVersion":"3.0.5","node8DeploysDisabledAfter":1613390400000,"node8RuntimeDisabledAfter":1615809600000,"node8WarnAfter":1600128000000}
[debug] [2023-07-25T07:15:49.184Z] <<< [apiv2][status] POST https://cloudresourcemanager.googleapis.com/v1/projects/maple-web-cf927:testIamPermissions 200
[debug] [2023-07-25T07:15:49.184Z] <<< [apiv2][body] POST https://cloudresourcemanager.googleapis.com/v1/projects/maple-web-cf927:testIamPermissions {}
[debug] [2023-07-25T07:15:49.184Z] [iam] error while checking permissions, command may fail: FirebaseError: Authorization failed. This account is missing the following required permissions on project maple-web-cf927:

  firebase.projects.get
  firebasehosting.sites.update
[debug] [2023-07-25T07:15:49.185Z] >>> [apiv2][query] GET https://firebase.googleapis.com/v1beta1/projects/maple-web-cf927 [none]
[debug] [2023-07-25T07:15:49.849Z] <<< [apiv2][status] GET https://firebase.googleapis.com/v1beta1/projects/maple-web-cf927 403
[debug] [2023-07-25T07:15:49.849Z] <<< [apiv2][body] GET https://firebase.googleapis.com/v1beta1/projects/maple-web-cf927 {"error":{"code":403,"message":"The caller does not have permission","status":"PERMISSION_DENIED"}}
[debug] [2023-07-25T07:15:49.850Z] HTTP Error: 403, The caller does not have permission
[debug] [2023-07-25T07:15:49.856Z] FirebaseError: HTTP Error: 403, The caller does not have permission
    at responseToError (C:\Users\Lenovo\AppData\Roaming\npm\node_modules\firebase-tools\lib\responseToError.js:49:12)
    at RetryOperation._fn (C:\Users\Lenovo\AppData\Roaming\npm\node_modules\firebase-tools\lib\apiv2.js:288:77)
    at process.processTicksAndRejections (node:internal/process/task_queues:95:5)
[error] 
[error] Error: Failed to get Firebase project maple-web-cf927. Please make sure the project exists and your account has permission to access it.
